Сборка начата 15.12.2023 11:54:49.
Уровень детализации журнала: Normal.     1>Проект "D:\Study\KVV-2023\KVV-2023\KVV-2023\KVV-2023.vcxproj" в узле 2 (целевые объекты Build).
     1>InitializeBuildStatus:
         Создание "Release\KVV-2023.tlog\unsuccessfulbuild", так как было задано "AlwaysCreate".
       ClCompile:
         C:\Program Files\Microsoft Visual Studio\2022\Community\VC\Tools\MSVC\14.33.31629\bin\HostX86\x86\CL.exe /c /Zi /nologo /W3 /WX- /diagnostics:column /sdl /O2 /Oi /Oy- /GL /D WIN32 /D NDEBUG /D _CONSOLE /D _UNICODE /D UNICODE /Gm- /EHsc /MD /GS /Gy /fp:precise /Zc:wchar_t /Zc:forScope /Zc:inline /permissive- /Fo"Release\\" /Fd"Release\vc143.pdb" /external:W3 /Gd /TP /analyze- /FC /errorReport:prompt LexAnaliz.cpp
         LexAnaliz.cpp
       Link:
         C:\Program Files\Microsoft Visual Studio\2022\Community\VC\Tools\MSVC\14.33.31629\bin\HostX86\x86\link.exe /ERRORREPORT:PROMPT /OUT:"D:\Study\KVV-2023\KVV-2023\Release\KVV-2023.exe" /NOLOGO kernel32.lib user32.lib gdi32.lib winspool.lib comdlg32.lib advapi32.lib shell32.lib ole32.lib oleaut32.lib uuid.lib odbc32.lib odbccp32.lib /MANIFEST /MANIFESTUAC:"level='asInvoker' uiAccess='false'" /manifest:embed /DEBUG /PDB:"D:\Study\KVV-2023\KVV-2023\Release\KVV-2023.pdb" /SUBSYSTEM:CONSOLE /OPT:REF /OPT:ICF /LTCG:incremental /LTCGOUT:"Release\KVV-2023.iobj" /TLBID:1 /DYNAMICBASE /NXCOMPAT /IMPLIB:"D:\Study\KVV-2023\KVV-2023\Release\KVV-2023.lib" /MACHINE:X86 /SAFESEH Release\Error.obj
         Release\FST.obj
         Release\Generator.obj
         Release\Greibah.obj
         Release\In.obj
         Release\IT.obj
         "Release\KVV-2023.obj"
         Release\LexAnaliz.obj
         Release\Log.obj
         Release\LT.obj
         Release\MFST.obj
         Release\Parm.obj
         Release\pch.obj
         Release\PolishNotation.obj
         Release\SemAnaliz.obj
         Создание кода
         1 of 1023 functions (<0.1%) were compiled, the rest were copied from previous compilation.
           0 functions were new in current compilation
           6 functions had inline decision re-evaluated but remain unchanged
         Создание кода завершено
         KVV-2023.vcxproj -> D:\Study\KVV-2023\KVV-2023\Release\KVV-2023.exe
       FinalizeBuildStatus:
         Файл "Release\KVV-2023.tlog\unsuccessfulbuild" удаляется.
         Обращение к "Release\KVV-2023.tlog\KVV-2023.lastbuildstate".
     1>Сборка проекта "D:\Study\KVV-2023\KVV-2023\KVV-2023\KVV-2023.vcxproj" завершена (целевые объекты Build).

Сборка успешно завершена.
    Предупреждений: 0
    Ошибок: 0

Прошло времени 00:00:01.18
