Сборка начата 07.12.2023 15:21:03.
Уровень детализации журнала: Normal.     1>Проект "D:\Study\KVV-2023\KVV-2023\KVV-2023\KVV-2023.vcxproj" в узле 2 (целевые объекты Build).
     1>InitializeBuildStatus:
         Создание "Debug\KVV-2023.tlog\unsuccessfulbuild", так как было задано "AlwaysCreate".
       ClCompile:
         C:\Program Files\Microsoft Visual Studio\2022\Community\VC\Tools\MSVC\14.33.31629\bin\HostX86\x86\CL.exe /c /ZI /JMC /nologo /W3 /WX- /diagnostics:column /sdl /Od /Oy- /D WIN32 /D _DEBUG /D _CONSOLE /D _UNICODE /D UNICODE /Gm- /EHsc /RTC1 /MDd /GS /fp:precise /Zc:wchar_t /Zc:forScope /Zc:inline /permissive- /Fo"Debug\\" /Fd"Debug\vc143.pdb" /external:W3 /Gd /TP /analyze- /FC /errorReport:prompt Error.cpp FST.cpp Generator.cpp Greibah.cpp In.cpp IT.cpp "KVV-2023.cpp" LexAnaliz.cpp Log.cpp LT.cpp MFST.cpp Parm.cpp pch.cpp PolishNotation.cpp SemAnaliz.cpp
         Error.cpp
         FST.cpp
     1>D:\Study\KVV-2023\KVV-2023\KVV-2023\FST.cpp(78,37): warning C4267: инициализация: преобразование из "size_t" в "short"; возможна потеря данных
         Generator.cpp
         Greibah.cpp
         In.cpp
         IT.cpp
         KVV-2023.cpp
         LexAnaliz.cpp
         Log.cpp
         LT.cpp
         MFST.cpp
         Parm.cpp
         pch.cpp
         PolishNotation.cpp
     1>D:\Study\KVV-2023\KVV-2023\KVV-2023\PolishNotation.cpp(169,7): warning C4554: "&": проверьте приоритет операторов на ошибки; для уточнения приоритета используйте скобки
     1>D:\Study\KVV-2023\KVV-2023\KVV-2023\PolishNotation.cpp(169,284): warning C4554: "&": проверьте приоритет операторов на ошибки; для уточнения приоритета используйте скобки
         SemAnaliz.cpp
         Создание кода...
       Link:
         C:\Program Files\Microsoft Visual Studio\2022\Community\VC\Tools\MSVC\14.33.31629\bin\HostX86\x86\link.exe /ERRORREPORT:PROMPT /OUT:"D:\Study\KVV-2023\KVV-2023\Debug\KVV-2023.exe" /INCREMENTAL /ILK:"Debug\KVV-2023.ilk" /NOLOGO kernel32.lib user32.lib gdi32.lib winspool.lib comdlg32.lib advapi32.lib shell32.lib ole32.lib oleaut32.lib uuid.lib odbc32.lib odbccp32.lib /MANIFEST /MANIFESTUAC:"level='asInvoker' uiAccess='false'" /manifest:embed /DEBUG /PDB:"D:\Study\KVV-2023\KVV-2023\Debug\KVV-2023.pdb" /SUBSYSTEM:CONSOLE /TLBID:1 /DYNAMICBASE /NXCOMPAT /IMPLIB:"D:\Study\KVV-2023\KVV-2023\Debug\KVV-2023.lib" /MACHINE:X86 Debug\Error.obj
         Debug\FST.obj
         Debug\Generator.obj
         Debug\Greibah.obj
         Debug\In.obj
         Debug\IT.obj
         "Debug\KVV-2023.obj"
         Debug\LexAnaliz.obj
         Debug\Log.obj
         Debug\LT.obj
         Debug\MFST.obj
         Debug\Parm.obj
         Debug\pch.obj
         Debug\PolishNotation.obj
         Debug\SemAnaliz.obj
         KVV-2023.vcxproj -> D:\Study\KVV-2023\KVV-2023\Debug\KVV-2023.exe
       FinalizeBuildStatus:
         Файл "Debug\KVV-2023.tlog\unsuccessfulbuild" удаляется.
         Обращение к "Debug\KVV-2023.tlog\KVV-2023.lastbuildstate".
     1>Сборка проекта "D:\Study\KVV-2023\KVV-2023\KVV-2023\KVV-2023.vcxproj" завершена (целевые объекты Build).

Сборка успешно завершена.

       "D:\Study\KVV-2023\KVV-2023\KVV-2023\KVV-2023.vcxproj" (целевой объект Build ) (1) ->
       (Целевой объект ClCompile) -> 
         D:\Study\KVV-2023\KVV-2023\KVV-2023\FST.cpp(78,37): warning C4267: инициализация: преобразование из "size_t" в "short"; возможна потеря данных
         D:\Study\KVV-2023\KVV-2023\KVV-2023\PolishNotation.cpp(169,7): warning C4554: "&": проверьте приоритет операторов на ошибки; для уточнения приоритета используйте скобки
         D:\Study\KVV-2023\KVV-2023\KVV-2023\PolishNotation.cpp(169,284): warning C4554: "&": проверьте приоритет операторов на ошибки; для уточнения приоритета используйте скобки

    Предупреждений: 3
    Ошибок: 0

Прошло времени 00:00:21.47
