d:\study\kvv-2023\kvv-2023\kvv-2023\debug\vc143.pdb
d:\study\kvv-2023\kvv-2023\kvv-2023\debug\vc143.idb
d:\study\kvv-2023\kvv-2023\kvv-2023\debug\semanaliz.obj
d:\study\kvv-2023\kvv-2023\kvv-2023\debug\polishnotation.obj
d:\study\kvv-2023\kvv-2023\kvv-2023\debug\pch.obj
d:\study\kvv-2023\kvv-2023\kvv-2023\debug\parm.obj
d:\study\kvv-2023\kvv-2023\kvv-2023\debug\mfst.obj
d:\study\kvv-2023\kvv-2023\kvv-2023\debug\lt.obj
d:\study\kvv-2023\kvv-2023\kvv-2023\debug\log.obj
d:\study\kvv-2023\kvv-2023\kvv-2023\debug\lexanaliz.obj
d:\study\kvv-2023\kvv-2023\kvv-2023\debug\kvv-2023.obj
d:\study\kvv-2023\kvv-2023\kvv-2023\debug\it.obj
d:\study\kvv-2023\kvv-2023\kvv-2023\debug\in.obj
d:\study\kvv-2023\kvv-2023\kvv-2023\debug\greibah.obj
d:\study\kvv-2023\kvv-2023\kvv-2023\debug\generator.obj
d:\study\kvv-2023\kvv-2023\kvv-2023\debug\fst.obj
d:\study\kvv-2023\kvv-2023\kvv-2023\debug\error.obj
d:\study\kvv-2023\kvv-2023\debug\kvv-2023.exe
d:\study\kvv-2023\kvv-2023\kvv-2023\debug\kvv-2023.tlog\cl.command.1.tlog
d:\study\kvv-2023\kvv-2023\kvv-2023\debug\kvv-2023.tlog\cl.read.1.tlog
d:\study\kvv-2023\kvv-2023\kvv-2023\debug\kvv-2023.tlog\cl.write.1.tlog
d:\study\kvv-2023\kvv-2023\kvv-2023\debug\kvv-2023.tlog\link.command.1.tlog
d:\study\kvv-2023\kvv-2023\kvv-2023\debug\kvv-2023.tlog\link.read.1.tlog
d:\study\kvv-2023\kvv-2023\kvv-2023\debug\kvv-2023.tlog\link.write.1.tlog
