Сборка начата 13.10.2023 12:04:28.
Уровень детализации журнала: Normal.     1>Проект "D:\Study\kurs\KOD-2022\Generation\Generation\Generation.vcxproj" в узле 2 (целевые объекты Build).
     1>PrepareForBuild:
         Создание каталога "x64\Debug\Generation.tlog\".
       InitializeBuildStatus:
         Создание "x64\Debug\Generation.tlog\unsuccessfulbuild", так как было задано "AlwaysCreate".
       _MASM:
         Assembling Gen.asm...
         cmd.exe /C "C:\Users\user\AppData\Local\Temp\tmpa9b54a00e33c463f8814ea3d35a2e58d.cmd"
         ml64.exe /c /nologo /Zi /Fo"x64\Debug\Gen.obj" /W3 /errorReport:prompt  /TaGen.asm
     1>Gen.asm(1): error A2008: syntax error : .
     1>Gen.asm(2): error A2008: syntax error : .
     1>Gen.asm(7): error A2008: syntax error : .
     1>Gen.asm(59): error A2070: invalid instruction operands
     1>Gen.asm(60): error A2070: invalid instruction operands
     1>Gen.asm(68): error A2070: invalid instruction operands
     1>Gen.asm(70): error A2070: invalid instruction operands
     1>Gen.asm(75): error A2070: invalid instruction operands
     1>Gen.asm(77): error A2070: invalid instruction operands
     1>Gen.asm(82): error A2070: invalid instruction operands
     1>Gen.asm(83): error A2070: invalid instruction operands
     1>Gen.asm(95): error A2070: invalid instruction operands
     1>Gen.asm(96): error A2070: invalid instruction operands
     1>Gen.asm(99): error A2070: invalid instruction operands
     1>Gen.asm(100): error A2070: invalid instruction operands
     1>Gen.asm(102): error A2070: invalid instruction operands
     1>Gen.asm(103): error A2070: invalid instruction operands
     1>Gen.asm(104): error A2070: invalid instruction operands
     1>Gen.asm(105): error A2070: invalid instruction operands
     1>Gen.asm(107): error A2070: invalid instruction operands
     1>Gen.asm(109): error A2070: invalid instruction operands
     1>Gen.asm(113): error A2070: invalid instruction operands
     1>Gen.asm(117): error A2070: invalid instruction operands
     1>Gen.asm(120): error A2070: invalid instruction operands
     1>Gen.asm(124): error A2070: invalid instruction operands
     1>Gen.asm(125): error A2070: invalid instruction operands
     1>Gen.asm(126): error A2070: invalid instruction operands
     1>Gen.asm(130): error A2070: invalid instruction operands
     1>Gen.asm(134): error A2070: invalid instruction operands
     1>Gen.asm(137): error A2070: invalid instruction operands
     1>Gen.asm(141): error A2070: invalid instruction operands
     1>Gen.asm(142): error A2070: invalid instruction operands
     1>Gen.asm(151): error A2070: invalid instruction operands
     1>Gen.asm(153): error A2070: invalid instruction operands
     1>Gen.asm(156): error A2070: invalid instruction operands
     1>Gen.asm(158): error A2070: invalid instruction operands
     1>Gen.asm(165): error A2070: invalid instruction operands
     1>Gen.asm(169): error A2070: invalid instruction operands
     1>Gen.asm(170): error A2070: invalid instruction operands
     1>Gen.asm(172): error A2070: invalid instruction operands
     1>Gen.asm(174): error A2070: invalid instruction operands
     1>Gen.asm(178): error A2070: invalid instruction operands
     1>Gen.asm(181): error A2070: invalid instruction operands
     1>Gen.asm(184): error A2070: invalid instruction operands
     1>Gen.asm(185): error A2070: invalid instruction operands
     1>Gen.asm(186): error A2070: invalid instruction operands
     1>Gen.asm(187): error A2070: invalid instruction operands
     1>Gen.asm(190): error A2070: invalid instruction operands
     1>Gen.asm(191): error A2070: invalid instruction operands
     1>Gen.asm(192): error A2070: invalid instruction operands
     1>Gen.asm(193): error A2070: invalid instruction operands
     1>Gen.asm(196): error A2070: invalid instruction operands
     1>Gen.asm(198): error A2070: invalid instruction operands
     1>Gen.asm(202): error A2070: invalid instruction operands
     1>Gen.asm(206): error A2070: invalid instruction operands
     1>Gen.asm(209): error A2070: invalid instruction operands
     1>Gen.asm(213): error A2070: invalid instruction operands
     1>Gen.asm(214): error A2070: invalid instruction operands
     1>Gen.asm(216): error A2070: invalid instruction operands
     1>Gen.asm(218): error A2070: invalid instruction operands
     1>Gen.asm(222): error A2070: invalid instruction operands
     1>Gen.asm(225): error A2070: invalid instruction operands
     1>Gen.asm(228): error A2070: invalid instruction operands
     1>Gen.asm(230): error A2070: invalid instruction operands
     1>Gen.asm(234): error A2070: invalid instruction operands
     1>Gen.asm(244): error A2070: invalid instruction operands
     1>Gen.asm(248): error A2070: invalid instruction operands
     1>Gen.asm(251): error A2070: invalid instruction operands
     1>Gen.asm(252): error A2070: invalid instruction operands
     1>Gen.asm(253): error A2070: invalid instruction operands
     1>Gen.asm(254): error A2070: invalid instruction operands
     1>Gen.asm(256): error A2070: invalid instruction operands
     1>Gen.asm(257): error A2070: invalid instruction operands
     1>Gen.asm(258): error A2070: invalid instruction operands
     1>Gen.asm(259): error A2070: invalid instruction operands
     1>Gen.asm(261): error A2070: invalid instruction operands
     1>Gen.asm(263): error A2070: invalid instruction operands
     1>Gen.asm(272): error A2070: invalid instruction operands
     1>Gen.asm(276): error A2070: invalid instruction operands
     1>Gen.asm(279): error A2070: invalid instruction operands
     1>Gen.asm(283): error A2070: invalid instruction operands
     1>Gen.asm(284): error A2070: invalid instruction operands
     1>Gen.asm(290): error A2008: syntax error : main
     1>Gen.asm(290): error A2088: END directive required at end of file
     1>C:\Program Files\Microsoft Visual Studio\2022\Community\MSBuild\Microsoft\VC\v170\BuildCustomizations\masm.targets(70,5): error MSB3721: выход из команды "ml64.exe /c /nologo /Zi /Fo"x64\Debug\Gen.obj" /W3 /errorReport:prompt  /TaGen.asm" с кодом "1".
     1>Сборка проекта "D:\Study\kurs\KOD-2022\Generation\Generation\Generation.vcxproj" завершена (целевые объекты Build) с ошибкой.

Ошибка сборки.

       "D:\Study\kurs\KOD-2022\Generation\Generation\Generation.vcxproj" (целевой объект Build ) (1) ->
       (Целевой объект _MASM) -> 
         Gen.asm(1): error A2008: syntax error : .
         Gen.asm(2): error A2008: syntax error : .
         Gen.asm(7): error A2008: syntax error : .
         Gen.asm(59): error A2070: invalid instruction operands
         Gen.asm(60): error A2070: invalid instruction operands
         Gen.asm(68): error A2070: invalid instruction operands
         Gen.asm(70): error A2070: invalid instruction operands
         Gen.asm(75): error A2070: invalid instruction operands
         Gen.asm(77): error A2070: invalid instruction operands
         Gen.asm(82): error A2070: invalid instruction operands
         Gen.asm(83): error A2070: invalid instruction operands
         Gen.asm(95): error A2070: invalid instruction operands
         Gen.asm(96): error A2070: invalid instruction operands
         Gen.asm(99): error A2070: invalid instruction operands
         Gen.asm(100): error A2070: invalid instruction operands
         Gen.asm(102): error A2070: invalid instruction operands
         Gen.asm(103): error A2070: invalid instruction operands
         Gen.asm(104): error A2070: invalid instruction operands
         Gen.asm(105): error A2070: invalid instruction operands
         Gen.asm(107): error A2070: invalid instruction operands
         Gen.asm(109): error A2070: invalid instruction operands
         Gen.asm(113): error A2070: invalid instruction operands
         Gen.asm(117): error A2070: invalid instruction operands
         Gen.asm(120): error A2070: invalid instruction operands
         Gen.asm(124): error A2070: invalid instruction operands
         Gen.asm(125): error A2070: invalid instruction operands
         Gen.asm(126): error A2070: invalid instruction operands
         Gen.asm(130): error A2070: invalid instruction operands
         Gen.asm(134): error A2070: invalid instruction operands
         Gen.asm(137): error A2070: invalid instruction operands
         Gen.asm(141): error A2070: invalid instruction operands
         Gen.asm(142): error A2070: invalid instruction operands
         Gen.asm(151): error A2070: invalid instruction operands
         Gen.asm(153): error A2070: invalid instruction operands
         Gen.asm(156): error A2070: invalid instruction operands
         Gen.asm(158): error A2070: invalid instruction operands
         Gen.asm(165): error A2070: invalid instruction operands
         Gen.asm(169): error A2070: invalid instruction operands
         Gen.asm(170): error A2070: invalid instruction operands
         Gen.asm(172): error A2070: invalid instruction operands
         Gen.asm(174): error A2070: invalid instruction operands
         Gen.asm(178): error A2070: invalid instruction operands
         Gen.asm(181): error A2070: invalid instruction operands
         Gen.asm(184): error A2070: invalid instruction operands
         Gen.asm(185): error A2070: invalid instruction operands
         Gen.asm(186): error A2070: invalid instruction operands
         Gen.asm(187): error A2070: invalid instruction operands
         Gen.asm(190): error A2070: invalid instruction operands
         Gen.asm(191): error A2070: invalid instruction operands
         Gen.asm(192): error A2070: invalid instruction operands
         Gen.asm(193): error A2070: invalid instruction operands
         Gen.asm(196): error A2070: invalid instruction operands
         Gen.asm(198): error A2070: invalid instruction operands
         Gen.asm(202): error A2070: invalid instruction operands
         Gen.asm(206): error A2070: invalid instruction operands
         Gen.asm(209): error A2070: invalid instruction operands
         Gen.asm(213): error A2070: invalid instruction operands
         Gen.asm(214): error A2070: invalid instruction operands
         Gen.asm(216): error A2070: invalid instruction operands
         Gen.asm(218): error A2070: invalid instruction operands
         Gen.asm(222): error A2070: invalid instruction operands
         Gen.asm(225): error A2070: invalid instruction operands
         Gen.asm(228): error A2070: invalid instruction operands
         Gen.asm(230): error A2070: invalid instruction operands
         Gen.asm(234): error A2070: invalid instruction operands
         Gen.asm(244): error A2070: invalid instruction operands
         Gen.asm(248): error A2070: invalid instruction operands
         Gen.asm(251): error A2070: invalid instruction operands
         Gen.asm(252): error A2070: invalid instruction operands
         Gen.asm(253): error A2070: invalid instruction operands
         Gen.asm(254): error A2070: invalid instruction operands
         Gen.asm(256): error A2070: invalid instruction operands
         Gen.asm(257): error A2070: invalid instruction operands
         Gen.asm(258): error A2070: invalid instruction operands
         Gen.asm(259): error A2070: invalid instruction operands
         Gen.asm(261): error A2070: invalid instruction operands
         Gen.asm(263): error A2070: invalid instruction operands
         Gen.asm(272): error A2070: invalid instruction operands
         Gen.asm(276): error A2070: invalid instruction operands
         Gen.asm(279): error A2070: invalid instruction operands
         Gen.asm(283): error A2070: invalid instruction operands
         Gen.asm(284): error A2070: invalid instruction operands
         Gen.asm(290): error A2008: syntax error : main
         Gen.asm(290): error A2088: END directive required at end of file
         C:\Program Files\Microsoft Visual Studio\2022\Community\MSBuild\Microsoft\VC\v170\BuildCustomizations\masm.targets(70,5): error MSB3721: выход из команды "ml64.exe /c /nologo /Zi /Fo"x64\Debug\Gen.obj" /W3 /errorReport:prompt  /TaGen.asm" с кодом "1".

    Предупреждений: 0
    Ошибок: 85

Прошло времени 00:00:02.16
